<?xml version="1.0" encoding="UTF-8"?>
<coverage generated="1732069368930" clover="3.2.0">
  <project timestamp="1732069368930" name="All files">
    <metrics statements="168" coveredstatements="163" conditionals="42" coveredconditionals="27" methods="71" coveredmethods="68" elements="281" coveredelements="258" complexity="0" loc="168" ncloc="168" packages="1" files="5" classes="5"/>
    <file name="articleService.ts" path="/Users/mac/Desktop/1-Sprint-Mission-BE/src/services/articleService.ts">
      <metrics statements="42" coveredstatements="38" conditionals="8" coveredconditionals="2" methods="22" coveredmethods="19"/>
      <line num="1" count="1" type="stmt"/>
      <line num="35" count="6" type="stmt"/>
      <line num="43" count="1" type="stmt"/>
      <line num="44" count="2" type="cond" truecount="1" falsecount="1"/>
      <line num="54" count="1" type="stmt"/>
      <line num="57" count="1" type="cond" truecount="0" falsecount="1"/>
      <line num="58" count="0" type="stmt"/>
      <line num="60" count="1" type="stmt"/>
      <line num="63" count="1" type="stmt"/>
      <line num="73" count="1" type="stmt"/>
      <line num="74" count="1" type="stmt"/>
      <line num="76" count="1" type="stmt"/>
      <line num="92" count="1" type="stmt"/>
      <line num="94" count="0" type="stmt"/>
      <line num="101" count="1" type="stmt"/>
      <line num="104" count="1" type="stmt"/>
      <line num="109" count="1" type="stmt"/>
      <line num="110" count="1" type="stmt"/>
      <line num="116" count="1" type="stmt"/>
      <line num="118" count="0" type="stmt"/>
      <line num="126" count="1" type="stmt"/>
      <line num="129" count="2" type="stmt"/>
      <line num="130" count="2" type="stmt"/>
      <line num="135" count="2" type="cond" truecount="1" falsecount="0"/>
      <line num="137" count="1" type="stmt"/>
      <line num="139" count="1" type="stmt"/>
      <line num="141" count="1" type="stmt"/>
      <line num="150" count="1" type="stmt"/>
      <line num="156" count="1" type="stmt"/>
      <line num="157" count="1" type="stmt"/>
      <line num="163" count="1" type="stmt"/>
      <line num="165" count="0" type="stmt"/>
      <line num="173" count="1" type="stmt"/>
      <line num="174" count="1" type="stmt"/>
      <line num="179" count="1" type="stmt"/>
      <line num="182" count="1" type="stmt"/>
      <line num="183" count="1" type="stmt"/>
      <line num="190" count="1" type="stmt"/>
      <line num="199" count="1" type="stmt"/>
      <line num="202" count="1" type="stmt"/>
      <line num="203" count="1" type="stmt"/>
      <line num="210" count="1" type="stmt"/>
    </file>
    <file name="authService.ts" path="/Users/mac/Desktop/1-Sprint-Mission-BE/src/services/authService.ts">
      <metrics statements="45" coveredstatements="45" conditionals="8" coveredconditionals="8" methods="11" coveredmethods="11"/>
      <line num="1" count="1" type="stmt"/>
      <line num="2" count="1" type="stmt"/>
      <line num="3" count="1" type="stmt"/>
      <line num="19" count="1" type="stmt"/>
      <line num="23" count="2" type="stmt"/>
      <line num="24" count="2" type="stmt"/>
      <line num="30" count="2" type="cond" truecount="1" falsecount="0"/>
      <line num="31" count="1" type="stmt"/>
      <line num="34" count="1" type="stmt"/>
      <line num="36" count="1" type="stmt"/>
      <line num="40" count="1" type="stmt"/>
      <line num="41" count="1" type="stmt"/>
      <line num="44" count="1" type="stmt"/>
      <line num="47" count="2" type="stmt"/>
      <line num="48" count="2" type="stmt"/>
      <line num="52" count="2" type="cond" truecount="3" falsecount="0"/>
      <line num="53" count="1" type="stmt"/>
      <line num="56" count="1" type="stmt"/>
      <line num="57" count="1" type="stmt"/>
      <line num="60" count="2" type="stmt"/>
      <line num="61" count="2" type="stmt"/>
      <line num="62" count="2" type="stmt"/>
      <line num="64" count="2" type="stmt"/>
      <line num="74" count="2" type="stmt"/>
      <line num="77" count="1" type="stmt"/>
      <line num="79" count="5" type="stmt"/>
      <line num="80" count="5" type="cond" truecount="1" falsecount="0"/>
      <line num="82" count="4" type="stmt"/>
      <line num="84" count="4" type="stmt"/>
      <line num="87" count="3" type="stmt"/>
      <line num="90" count="3" type="cond" truecount="1" falsecount="0"/>
      <line num="93" count="2" type="stmt"/>
      <line num="96" count="2" type="cond" truecount="1" falsecount="0"/>
      <line num="99" count="1" type="stmt"/>
      <line num="102" count="1" type="stmt"/>
      <line num="111" count="1" type="stmt"/>
      <line num="117" count="3" type="stmt"/>
      <line num="118" count="3" type="stmt"/>
      <line num="122" count="1" type="stmt"/>
      <line num="123" count="3" type="stmt"/>
      <line num="132" count="1" type="stmt"/>
      <line num="133" count="2" type="stmt"/>
      <line num="142" count="1" type="cond" truecount="1" falsecount="0"/>
      <line num="143" count="5" type="stmt"/>
      <line num="147" count="5" type="stmt"/>
    </file>
    <file name="commentService.ts" path="/Users/mac/Desktop/1-Sprint-Mission-BE/src/services/commentService.ts">
      <metrics statements="35" coveredstatements="34" conditionals="5" coveredconditionals="3" methods="19" coveredmethods="19"/>
      <line num="1" count="1" type="stmt"/>
      <line num="4" count="6" type="stmt"/>
      <line num="6" count="1" type="stmt"/>
      <line num="7" count="2" type="stmt"/>
      <line num="8" count="2" type="cond" truecount="2" falsecount="1"/>
      <line num="9" count="0" type="stmt"/>
      <line num="15" count="1" type="stmt"/>
      <line num="20" count="2" type="stmt"/>
      <line num="30" count="1" type="stmt"/>
      <line num="35" count="2" type="stmt"/>
      <line num="36" count="2" type="stmt"/>
      <line num="42" count="2" type="stmt"/>
      <line num="47" count="2" type="stmt"/>
      <line num="50" count="1" type="stmt"/>
      <line num="55" count="2" type="stmt"/>
      <line num="56" count="2" type="stmt"/>
      <line num="57" count="2" type="stmt"/>
      <line num="58" count="2" type="cond" truecount="1" falsecount="1"/>
      <line num="60" count="2" type="stmt"/>
      <line num="63" count="1" type="stmt"/>
      <line num="67" count="1" type="stmt"/>
      <line num="68" count="1" type="stmt"/>
      <line num="71" count="1" type="stmt"/>
      <line num="75" count="1" type="stmt"/>
      <line num="76" count="1" type="stmt"/>
      <line num="79" count="1" type="stmt"/>
      <line num="83" count="1" type="stmt"/>
      <line num="84" count="1" type="stmt"/>
      <line num="87" count="1" type="stmt"/>
      <line num="91" count="1" type="stmt"/>
      <line num="92" count="1" type="stmt"/>
      <line num="95" count="1" type="stmt"/>
      <line num="96" count="1" type="stmt"/>
      <line num="103" count="1" type="stmt"/>
      <line num="104" count="1" type="stmt"/>
    </file>
    <file name="productService.ts" path="/Users/mac/Desktop/1-Sprint-Mission-BE/src/services/productService.ts">
      <metrics statements="43" coveredstatements="43" conditionals="21" coveredconditionals="14" methods="17" coveredmethods="17"/>
      <line num="1" count="1" type="stmt"/>
      <line num="23" count="18" type="stmt"/>
      <line num="26" count="1" type="stmt"/>
      <line num="34" count="1" type="stmt"/>
      <line num="35" count="1" type="stmt"/>
      <line num="47" count="1" type="stmt"/>
      <line num="51" count="1" type="stmt"/>
      <line num="61" count="1" type="stmt"/>
      <line num="62" count="1" type="stmt"/>
      <line num="64" count="1" type="cond" truecount="1" falsecount="1"/>
      <line num="74" count="1" type="cond" truecount="1" falsecount="1"/>
      <line num="78" count="1" type="stmt"/>
      <line num="88" count="1" type="stmt"/>
      <line num="92" count="1" type="stmt"/>
      <line num="95" count="2" type="stmt"/>
      <line num="96" count="2" type="stmt"/>
      <line num="106" count="2" type="cond" truecount="1" falsecount="0"/>
      <line num="107" count="1" type="stmt"/>
      <line num="110" count="1" type="stmt"/>
      <line num="112" count="1" type="stmt"/>
      <line num="119" count="1" type="stmt"/>
      <line num="128" count="1" type="stmt"/>
      <line num="129" count="1" type="stmt"/>
      <line num="142" count="1" type="stmt"/>
      <line num="145" count="1" type="stmt"/>
      <line num="147" count="1" type="stmt"/>
      <line num="148" count="1" type="stmt"/>
      <line num="151" count="1" type="stmt"/>
      <line num="155" count="4" type="stmt"/>
      <line num="156" count="4" type="stmt"/>
      <line num="160" count="4" type="cond" truecount="4" falsecount="0"/>
      <line num="161" count="1" type="stmt"/>
      <line num="162" count="3" type="cond" truecount="3" falsecount="0"/>
      <line num="163" count="1" type="stmt"/>
      <line num="166" count="2" type="cond" truecount="2" falsecount="0"/>
      <line num="168" count="2" type="stmt"/>
      <line num="182" count="2" type="stmt"/>
      <line num="185" count="1" type="stmt"/>
      <line num="191" count="2" type="stmt"/>
      <line num="192" count="2" type="stmt"/>
      <line num="195" count="1" type="stmt"/>
      <line num="201" count="2" type="stmt"/>
      <line num="202" count="2" type="stmt"/>
    </file>
    <file name="userService.ts" path="/Users/mac/Desktop/1-Sprint-Mission-BE/src/services/userService.ts">
      <metrics statements="3" coveredstatements="3" conditionals="0" coveredconditionals="0" methods="2" coveredmethods="2"/>
      <line num="1" count="1" type="stmt"/>
      <line num="4" count="2" type="stmt"/>
      <line num="5" count="2" type="stmt"/>
    </file>
  </project>
</coverage>
