{"/Users/mac/Desktop/1-Sprint-Mission-BE/src/services/articleService.ts": {"path":"/Users/mac/Desktop/1-Sprint-Mission-BE/src/services/articleService.ts","statementMap":{"0":{"start":{"line":1,"column":0},"end":{"line":1,"column":37}},"1":{"start":{"line":35,"column":25},"end":{"line":41,"column":2}},"2":{"start":{"line":35,"column":46},"end":{"line":41,"column":2}},"3":{"start":{"line":43,"column":31},"end":{"line":52,"column":1}},"4":{"start":{"line":44,"column":2},"end":{"line":51,"column":9}},"5":{"start":{"line":54,"column":31},"end":{"line":61,"column":1}},"6":{"start":{"line":57,"column":2},"end":{"line":59,"column":3}},"7":{"start":{"line":58,"column":4},"end":{"line":58,"column":58}},"8":{"start":{"line":60,"column":2},"end":{"line":60,"column":31}},"9":{"start":{"line":63,"column":27},"end":{"line":102,"column":2}},"10":{"start":{"line":73,"column":5},"end":{"line":102,"column":2}},"11":{"start":{"line":74,"column":17},"end":{"line":74,"column":38}},"12":{"start":{"line":76,"column":29},"end":{"line":90,"column":4}},"13":{"start":{"line":92,"column":29},"end":{"line":99,"column":18}},"14":{"start":{"line":92,"column":51},"end":{"line":98,"column":null}},"15":{"start":{"line":94,"column":55},"end":{"line":98,"column":6}},"16":{"start":{"line":101,"column":2},"end":{"line":101,"column":66}},"17":{"start":{"line":63,"column":13},"end":{"line":63,"column":27}},"18":{"start":{"line":104,"column":29},"end":{"line":124,"column":2}},"19":{"start":{"line":109,"column":22},"end":{"line":124,"column":2}},"20":{"start":{"line":110,"column":21},"end":{"line":113,"column":4}},"21":{"start":{"line":116,"column":2},"end":{"line":123,"column":15}},"22":{"start":{"line":118,"column":50},"end":{"line":122,"column":6}},"23":{"start":{"line":104,"column":13},"end":{"line":104,"column":29}},"24":{"start":{"line":126,"column":30},"end":{"line":148,"column":2}},"25":{"start":{"line":129,"column":37},"end":{"line":148,"column":2}},"26":{"start":{"line":130,"column":18},"end":{"line":133,"column":4}},"27":{"start":{"line":135,"column":2},"end":{"line":135,"column":53}},"28":{"start":{"line":135,"column":16},"end":{"line":135,"column":53}},"29":{"start":{"line":137,"column":18},"end":{"line":137,"column":46}},"30":{"start":{"line":139,"column":2},"end":{"line":147,"column":15}},"31":{"start":{"line":141,"column":47},"end":{"line":145,"column":6}},"32":{"start":{"line":126,"column":13},"end":{"line":126,"column":30}},"33":{"start":{"line":150,"column":29},"end":{"line":171,"column":2}},"34":{"start":{"line":156,"column":22},"end":{"line":171,"column":2}},"35":{"start":{"line":157,"column":25},"end":{"line":161,"column":4}},"36":{"start":{"line":163,"column":2},"end":{"line":170,"column":15}},"37":{"start":{"line":165,"column":54},"end":{"line":169,"column":6}},"38":{"start":{"line":150,"column":13},"end":{"line":150,"column":29}},"39":{"start":{"line":173,"column":29},"end":{"line":177,"column":2}},"40":{"start":{"line":173,"column":72},"end":{"line":177,"column":2}},"41":{"start":{"line":174,"column":2},"end":{"line":176,"column":5}},"42":{"start":{"line":173,"column":13},"end":{"line":173,"column":29}},"43":{"start":{"line":179,"column":23},"end":{"line":197,"column":2}},"44":{"start":{"line":182,"column":37},"end":{"line":197,"column":2}},"45":{"start":{"line":183,"column":2},"end":{"line":188,"column":5}},"46":{"start":{"line":190,"column":2},"end":{"line":196,"column":25}},"47":{"start":{"line":179,"column":13},"end":{"line":179,"column":23}},"48":{"start":{"line":199,"column":26},"end":{"line":217,"column":2}},"49":{"start":{"line":202,"column":37},"end":{"line":217,"column":2}},"50":{"start":{"line":203,"column":2},"end":{"line":208,"column":5}},"51":{"start":{"line":210,"column":2},"end":{"line":216,"column":25}},"52":{"start":{"line":199,"column":13},"end":{"line":199,"column":26}}},"fnMap":{"0":{"name":"(anonymous_8)","decl":{"start":{"line":35,"column":25},"end":{"line":35,"column":26}},"loc":{"start":{"line":35,"column":46},"end":{"line":41,"column":2}}},"1":{"name":"(anonymous_9)","decl":{"start":{"line":43,"column":31},"end":{"line":43,"column":32}},"loc":{"start":{"line":43,"column":77},"end":{"line":52,"column":1}}},"2":{"name":"(anonymous_10)","decl":{"start":{"line":54,"column":31},"end":{"line":54,"column":null}},"loc":{"start":{"line":56,"column":63},"end":{"line":61,"column":1}}},"3":{"name":"(anonymous_11)","decl":{"start":{"line":63,"column":27},"end":{"line":63,"column":null}},"loc":{"start":{"line":73,"column":5},"end":{"line":102,"column":2}}},"4":{"name":"(anonymous_12)","decl":{"start":{"line":73,"column":5},"end":{"line":73,"column":null}},"loc":{"start":{"line":67,"column":28},"end":{"line":102,"column":1}}},"5":{"name":"(anonymous_13)","decl":{"start":{"line":92,"column":38},"end":{"line":92,"column":39}},"loc":{"start":{"line":92,"column":51},"end":{"line":98,"column":null}}},"6":{"name":"(anonymous_14)","decl":{"start":{"line":94,"column":45},"end":{"line":94,"column":46}},"loc":{"start":{"line":94,"column":55},"end":{"line":98,"column":6}}},"7":{"name":"(anonymous_15)","decl":{"start":{"line":104,"column":29},"end":{"line":104,"column":null}},"loc":{"start":{"line":109,"column":22},"end":{"line":124,"column":2}}},"8":{"name":"(anonymous_16)","decl":{"start":{"line":109,"column":22},"end":{"line":109,"column":null}},"loc":{"start":{"line":109,"column":22},"end":{"line":124,"column":1}}},"9":{"name":"(anonymous_17)","decl":{"start":{"line":118,"column":40},"end":{"line":118,"column":41}},"loc":{"start":{"line":118,"column":50},"end":{"line":122,"column":6}}},"10":{"name":"(anonymous_18)","decl":{"start":{"line":126,"column":30},"end":{"line":126,"column":37}},"loc":{"start":{"line":129,"column":37},"end":{"line":148,"column":2}}},"11":{"name":"(anonymous_19)","decl":{"start":{"line":129,"column":37},"end":{"line":129,"column":null}},"loc":{"start":{"line":129,"column":15},"end":{"line":148,"column":1}}},"12":{"name":"(anonymous_20)","decl":{"start":{"line":141,"column":37},"end":{"line":141,"column":38}},"loc":{"start":{"line":141,"column":47},"end":{"line":145,"column":6}}},"13":{"name":"(anonymous_21)","decl":{"start":{"line":150,"column":29},"end":{"line":150,"column":null}},"loc":{"start":{"line":156,"column":22},"end":{"line":171,"column":2}}},"14":{"name":"(anonymous_22)","decl":{"start":{"line":156,"column":22},"end":{"line":156,"column":null}},"loc":{"start":{"line":156,"column":22},"end":{"line":171,"column":1}}},"15":{"name":"(anonymous_23)","decl":{"start":{"line":165,"column":44},"end":{"line":165,"column":45}},"loc":{"start":{"line":165,"column":54},"end":{"line":169,"column":6}}},"16":{"name":"(anonymous_24)","decl":{"start":{"line":173,"column":29},"end":{"line":173,"column":36}},"loc":{"start":{"line":173,"column":72},"end":{"line":177,"column":2}}},"17":{"name":"(anonymous_25)","decl":{"start":{"line":173,"column":72},"end":{"line":173,"column":null}},"loc":{"start":{"line":173,"column":72},"end":{"line":177,"column":1}}},"18":{"name":"(anonymous_26)","decl":{"start":{"line":179,"column":23},"end":{"line":179,"column":30}},"loc":{"start":{"line":182,"column":37},"end":{"line":197,"column":2}}},"19":{"name":"(anonymous_27)","decl":{"start":{"line":182,"column":37},"end":{"line":182,"column":null}},"loc":{"start":{"line":182,"column":15},"end":{"line":197,"column":1}}},"20":{"name":"(anonymous_28)","decl":{"start":{"line":199,"column":26},"end":{"line":199,"column":33}},"loc":{"start":{"line":202,"column":37},"end":{"line":217,"column":2}}},"21":{"name":"(anonymous_29)","decl":{"start":{"line":202,"column":37},"end":{"line":202,"column":null}},"loc":{"start":{"line":202,"column":15},"end":{"line":217,"column":1}}}},"branchMap":{"0":{"loc":{"start":{"line":44,"column":9},"end":{"line":51,"column":8}},"type":"cond-expr","locations":[{"start":{"line":45,"column":6},"end":{"line":50,"column":null}},{"start":{"line":51,"column":6},"end":{"line":51,"column":8}}]},"1":{"loc":{"start":{"line":57,"column":2},"end":{"line":59,"column":3}},"type":"if","locations":[{"start":{"line":57,"column":2},"end":{"line":59,"column":3}}]},"2":{"loc":{"start":{"line":64,"column":2},"end":{"line":64,"column":18}},"type":"default-arg","locations":[{"start":{"line":64,"column":17},"end":{"line":64,"column":18}}]},"3":{"loc":{"start":{"line":65,"column":2},"end":{"line":65,"column":23}},"type":"default-arg","locations":[{"start":{"line":65,"column":21},"end":{"line":65,"column":23}}]},"4":{"loc":{"start":{"line":66,"column":2},"end":{"line":66,"column":22}},"type":"default-arg","locations":[{"start":{"line":66,"column":20},"end":{"line":66,"column":22}}]},"5":{"loc":{"start":{"line":67,"column":2},"end":{"line":67,"column":28}},"type":"default-arg","locations":[{"start":{"line":67,"column":20},"end":{"line":67,"column":28}}]},"6":{"loc":{"start":{"line":94,"column":16},"end":{"line":94,"column":39}},"type":"binary-expr","locations":[{"start":{"line":94,"column":16},"end":{"line":94,"column":33}},{"start":{"line":94,"column":37},"end":{"line":94,"column":39}}]},"7":{"loc":{"start":{"line":135,"column":2},"end":{"line":135,"column":53}},"type":"if","locations":[{"start":{"line":135,"column":2},"end":{"line":135,"column":53}}]}},"s":{"0":1,"1":1,"2":10,"3":1,"4":6,"5":1,"6":3,"7":1,"8":2,"9":1,"10":3,"11":3,"12":3,"13":3,"14":3,"15":0,"16":3,"17":1,"18":1,"19":1,"20":1,"21":1,"22":0,"23":1,"24":1,"25":4,"26":4,"27":4,"28":1,"29":3,"30":3,"31":2,"32":1,"33":1,"34":1,"35":1,"36":1,"37":0,"38":1,"39":1,"40":1,"41":1,"42":1,"43":1,"44":2,"45":2,"46":2,"47":1,"48":1,"49":2,"50":2,"51":2,"52":1},"f":{"0":10,"1":6,"2":3,"3":3,"4":3,"5":3,"6":0,"7":1,"8":1,"9":0,"10":4,"11":4,"12":2,"13":1,"14":1,"15":0,"16":1,"17":1,"18":2,"19":2,"20":2,"21":2},"b":{"0":[2,4],"1":[1],"2":[0],"3":[0],"4":[0],"5":[0],"6":[3,0],"7":[1]}}
,"/Users/mac/Desktop/1-Sprint-Mission-BE/src/services/authService.ts": {"path":"/Users/mac/Desktop/1-Sprint-Mission-BE/src/services/authService.ts","statementMap":{"0":{"start":{"line":1,"column":0},"end":{"line":1,"column":37}},"1":{"start":{"line":2,"column":0},"end":{"line":2,"column":30}},"2":{"start":{"line":3,"column":0},"end":{"line":3,"column":31}},"3":{"start":{"line":19,"column":26},"end":{"line":42,"column":2}},"4":{"start":{"line":23,"column":48},"end":{"line":42,"column":2}},"5":{"start":{"line":24,"column":23},"end":{"line":28,"column":4}},"6":{"start":{"line":30,"column":2},"end":{"line":32,"column":3}},"7":{"start":{"line":31,"column":4},"end":{"line":31,"column":46}},"8":{"start":{"line":34,"column":25},"end":{"line":34,"column":56}},"9":{"start":{"line":36,"column":18},"end":{"line":38,"column":4}},"10":{"start":{"line":40,"column":17},"end":{"line":40,"column":53}},"11":{"start":{"line":41,"column":2},"end":{"line":41,"column":29}},"12":{"start":{"line":19,"column":13},"end":{"line":19,"column":26}},"13":{"start":{"line":44,"column":30},"end":{"line":58,"column":2}},"14":{"start":{"line":47,"column":45},"end":{"line":58,"column":2}},"15":{"start":{"line":48,"column":15},"end":{"line":50,"column":4}},"16":{"start":{"line":52,"column":2},"end":{"line":54,"column":3}},"17":{"start":{"line":53,"column":4},"end":{"line":53,"column":44}},"18":{"start":{"line":56,"column":17},"end":{"line":56,"column":50}},"19":{"start":{"line":57,"column":2},"end":{"line":57,"column":26}},"20":{"start":{"line":44,"column":13},"end":{"line":44,"column":30}},"21":{"start":{"line":60,"column":30},"end":{"line":75,"column":2}},"22":{"start":{"line":60,"column":68},"end":{"line":75,"column":2}},"23":{"start":{"line":61,"column":22},"end":{"line":61,"column":47}},"24":{"start":{"line":62,"column":23},"end":{"line":62,"column":49}},"25":{"start":{"line":64,"column":17},"end":{"line":72,"column":4}},"26":{"start":{"line":74,"column":2},"end":{"line":74,"column":16}},"27":{"start":{"line":77,"column":28},"end":{"line":120,"column":2}},"28":{"start":{"line":79,"column":72},"end":{"line":120,"column":2}},"29":{"start":{"line":80,"column":2},"end":{"line":80,"column":67}},"30":{"start":{"line":80,"column":21},"end":{"line":80,"column":67}},"31":{"start":{"line":82,"column":2},"end":{"line":119,"column":3}},"32":{"start":{"line":84,"column":20},"end":{"line":84,"column":79}},"33":{"start":{"line":87,"column":24},"end":{"line":89,"column":6}},"34":{"start":{"line":90,"column":4},"end":{"line":90,"column":63}},"35":{"start":{"line":90,"column":22},"end":{"line":90,"column":63}},"36":{"start":{"line":93,"column":17},"end":{"line":95,"column":6}},"37":{"start":{"line":96,"column":4},"end":{"line":96,"column":49}},"38":{"start":{"line":96,"column":15},"end":{"line":96,"column":49}},"39":{"start":{"line":99,"column":27},"end":{"line":99,"column":52}},"40":{"start":{"line":102,"column":4},"end":{"line":108,"column":7}},"41":{"start":{"line":111,"column":4},"end":{"line":115,"column":6}},"42":{"start":{"line":117,"column":4},"end":{"line":117,"column":52}},"43":{"start":{"line":118,"column":4},"end":{"line":118,"column":56}},"44":{"start":{"line":77,"column":13},"end":{"line":77,"column":28}},"45":{"start":{"line":122,"column":28},"end":{"line":130,"column":1}},"46":{"start":{"line":123,"column":2},"end":{"line":129,"column":4}},"47":{"start":{"line":132,"column":29},"end":{"line":140,"column":1}},"48":{"start":{"line":133,"column":2},"end":{"line":139,"column":4}},"49":{"start":{"line":142,"column":26},"end":{"line":148,"column":1}},"50":{"start":{"line":143,"column":47},"end":{"line":146,"column":4}},"51":{"start":{"line":147,"column":2},"end":{"line":147,"column":55}}},"fnMap":{"0":{"name":"(anonymous_8)","decl":{"start":{"line":19,"column":26},"end":{"line":19,"column":null}},"loc":{"start":{"line":23,"column":48},"end":{"line":42,"column":2}}},"1":{"name":"(anonymous_9)","decl":{"start":{"line":23,"column":48},"end":{"line":23,"column":null}},"loc":{"start":{"line":23,"column":48},"end":{"line":42,"column":1}}},"2":{"name":"(anonymous_10)","decl":{"start":{"line":44,"column":30},"end":{"line":44,"column":null}},"loc":{"start":{"line":47,"column":45},"end":{"line":58,"column":2}}},"3":{"name":"(anonymous_11)","decl":{"start":{"line":47,"column":45},"end":{"line":47,"column":null}},"loc":{"start":{"line":47,"column":45},"end":{"line":58,"column":1}}},"4":{"name":"(anonymous_12)","decl":{"start":{"line":60,"column":30},"end":{"line":60,"column":37}},"loc":{"start":{"line":60,"column":68},"end":{"line":75,"column":2}}},"5":{"name":"(anonymous_13)","decl":{"start":{"line":60,"column":68},"end":{"line":60,"column":null}},"loc":{"start":{"line":60,"column":68},"end":{"line":75,"column":1}}},"6":{"name":"(anonymous_14)","decl":{"start":{"line":77,"column":28},"end":{"line":77,"column":null}},"loc":{"start":{"line":79,"column":72},"end":{"line":120,"column":2}}},"7":{"name":"(anonymous_15)","decl":{"start":{"line":79,"column":72},"end":{"line":79,"column":null}},"loc":{"start":{"line":79,"column":72},"end":{"line":120,"column":1}}},"8":{"name":"(anonymous_16)","decl":{"start":{"line":122,"column":28},"end":{"line":122,"column":29}},"loc":{"start":{"line":122,"column":51},"end":{"line":130,"column":1}}},"9":{"name":"(anonymous_17)","decl":{"start":{"line":132,"column":29},"end":{"line":132,"column":30}},"loc":{"start":{"line":132,"column":52},"end":{"line":140,"column":1}}},"10":{"name":"(anonymous_18)","decl":{"start":{"line":142,"column":26},"end":{"line":142,"column":27}},"loc":{"start":{"line":142,"column":73},"end":{"line":148,"column":1}}}},"branchMap":{"0":{"loc":{"start":{"line":30,"column":2},"end":{"line":32,"column":3}},"type":"if","locations":[{"start":{"line":30,"column":2},"end":{"line":32,"column":3}}]},"1":{"loc":{"start":{"line":52,"column":2},"end":{"line":54,"column":3}},"type":"if","locations":[{"start":{"line":52,"column":2},"end":{"line":54,"column":3}}]},"2":{"loc":{"start":{"line":52,"column":6},"end":{"line":52,"column":72}},"type":"binary-expr","locations":[{"start":{"line":52,"column":6},"end":{"line":52,"column":11}},{"start":{"line":52,"column":15},"end":{"line":52,"column":72}}]},"3":{"loc":{"start":{"line":80,"column":2},"end":{"line":80,"column":67}},"type":"if","locations":[{"start":{"line":80,"column":2},"end":{"line":80,"column":67}}]},"4":{"loc":{"start":{"line":90,"column":4},"end":{"line":90,"column":63}},"type":"if","locations":[{"start":{"line":90,"column":4},"end":{"line":90,"column":63}}]},"5":{"loc":{"start":{"line":96,"column":4},"end":{"line":96,"column":49}},"type":"if","locations":[{"start":{"line":96,"column":4},"end":{"line":96,"column":49}}]},"6":{"loc":{"start":{"line":142,"column":41},"end":{"line":142,"column":63}},"type":"default-arg","locations":[{"start":{"line":142,"column":56},"end":{"line":142,"column":63}}]}},"s":{"0":1,"1":1,"2":1,"3":1,"4":2,"5":2,"6":2,"7":1,"8":1,"9":1,"10":1,"11":1,"12":1,"13":1,"14":2,"15":2,"16":2,"17":1,"18":1,"19":1,"20":1,"21":1,"22":2,"23":2,"24":2,"25":2,"26":2,"27":1,"28":5,"29":5,"30":1,"31":4,"32":4,"33":3,"34":3,"35":1,"36":2,"37":2,"38":1,"39":1,"40":1,"41":1,"42":3,"43":3,"44":1,"45":1,"46":3,"47":1,"48":2,"49":1,"50":5,"51":5},"f":{"0":2,"1":2,"2":2,"3":2,"4":2,"5":2,"6":5,"7":5,"8":3,"9":2,"10":5},"b":{"0":[1],"1":[1],"2":[2,1],"3":[1],"4":[1],"5":[1],"6":[3]}}
,"/Users/mac/Desktop/1-Sprint-Mission-BE/src/services/commentService.ts": {"path":"/Users/mac/Desktop/1-Sprint-Mission-BE/src/services/commentService.ts","statementMap":{"0":{"start":{"line":1,"column":0},"end":{"line":1,"column":37}},"1":{"start":{"line":4,"column":16},"end":{"line":4,"column":56}},"2":{"start":{"line":4,"column":40},"end":{"line":4,"column":56}},"3":{"start":{"line":6,"column":25},"end":{"line":13,"column":1}},"4":{"start":{"line":7,"column":23},"end":{"line":7,"column":43}},"5":{"start":{"line":8,"column":2},"end":{"line":8,"column":48}},"6":{"start":{"line":8,"column":38},"end":{"line":8,"column":48}},"7":{"start":{"line":9,"column":2},"end":{"line":12,"column":4}},"8":{"start":{"line":15,"column":26},"end":{"line":27,"column":null}},"9":{"start":{"line":20,"column":33},"end":{"line":27,"column":null}},"10":{"start":{"line":30,"column":22},"end":{"line":48,"column":2}},"11":{"start":{"line":35,"column":4},"end":{"line":48,"column":2}},"12":{"start":{"line":36,"column":42},"end":{"line":40,"column":4}},"13":{"start":{"line":42,"column":21},"end":{"line":45,"column":4}},"14":{"start":{"line":47,"column":2},"end":{"line":47,"column":20}},"15":{"start":{"line":50,"column":20},"end":{"line":61,"column":2}},"16":{"start":{"line":55,"column":4},"end":{"line":61,"column":2}},"17":{"start":{"line":56,"column":23},"end":{"line":56,"column":77}},"18":{"start":{"line":57,"column":15},"end":{"line":57,"column":58}},"19":{"start":{"line":58,"column":21},"end":{"line":58,"column":76}},"20":{"start":{"line":60,"column":2},"end":{"line":60,"column":30}},"21":{"start":{"line":63,"column":36},"end":{"line":69,"column":2}},"22":{"start":{"line":67,"column":4},"end":{"line":69,"column":2}},"23":{"start":{"line":68,"column":2},"end":{"line":68,"column":71}},"24":{"start":{"line":63,"column":13},"end":{"line":63,"column":36}},"25":{"start":{"line":71,"column":36},"end":{"line":77,"column":2}},"26":{"start":{"line":75,"column":4},"end":{"line":77,"column":2}},"27":{"start":{"line":76,"column":2},"end":{"line":76,"column":71}},"28":{"start":{"line":71,"column":13},"end":{"line":71,"column":36}},"29":{"start":{"line":79,"column":34},"end":{"line":85,"column":2}},"30":{"start":{"line":83,"column":4},"end":{"line":85,"column":2}},"31":{"start":{"line":84,"column":2},"end":{"line":84,"column":69}},"32":{"start":{"line":79,"column":13},"end":{"line":79,"column":34}},"33":{"start":{"line":87,"column":34},"end":{"line":93,"column":2}},"34":{"start":{"line":91,"column":4},"end":{"line":93,"column":2}},"35":{"start":{"line":92,"column":2},"end":{"line":92,"column":69}},"36":{"start":{"line":87,"column":13},"end":{"line":87,"column":34}},"37":{"start":{"line":95,"column":29},"end":{"line":101,"column":2}},"38":{"start":{"line":95,"column":74},"end":{"line":101,"column":2}},"39":{"start":{"line":96,"column":2},"end":{"line":100,"column":5}},"40":{"start":{"line":95,"column":13},"end":{"line":95,"column":29}},"41":{"start":{"line":103,"column":29},"end":{"line":105,"column":2}},"42":{"start":{"line":103,"column":72},"end":{"line":105,"column":2}},"43":{"start":{"line":104,"column":2},"end":{"line":104,"column":69}},"44":{"start":{"line":103,"column":13},"end":{"line":103,"column":29}}},"fnMap":{"0":{"name":"(anonymous_8)","decl":{"start":{"line":4,"column":16},"end":{"line":4,"column":17}},"loc":{"start":{"line":4,"column":40},"end":{"line":4,"column":56}}},"1":{"name":"(anonymous_9)","decl":{"start":{"line":6,"column":25},"end":{"line":6,"column":26}},"loc":{"start":{"line":6,"column":49},"end":{"line":13,"column":1}}},"2":{"name":"(anonymous_10)","decl":{"start":{"line":15,"column":26},"end":{"line":15,"column":null}},"loc":{"start":{"line":20,"column":33},"end":{"line":27,"column":null}}},"3":{"name":"(anonymous_11)","decl":{"start":{"line":30,"column":22},"end":{"line":30,"column":null}},"loc":{"start":{"line":35,"column":4},"end":{"line":48,"column":2}}},"4":{"name":"(anonymous_12)","decl":{"start":{"line":35,"column":4},"end":{"line":35,"column":null}},"loc":{"start":{"line":35,"column":4},"end":{"line":48,"column":1}}},"5":{"name":"(anonymous_13)","decl":{"start":{"line":50,"column":20},"end":{"line":50,"column":null}},"loc":{"start":{"line":55,"column":4},"end":{"line":61,"column":2}}},"6":{"name":"(anonymous_14)","decl":{"start":{"line":55,"column":4},"end":{"line":55,"column":null}},"loc":{"start":{"line":55,"column":4},"end":{"line":61,"column":1}}},"7":{"name":"(anonymous_15)","decl":{"start":{"line":63,"column":36},"end":{"line":63,"column":null}},"loc":{"start":{"line":67,"column":4},"end":{"line":69,"column":2}}},"8":{"name":"(anonymous_16)","decl":{"start":{"line":67,"column":4},"end":{"line":67,"column":null}},"loc":{"start":{"line":67,"column":4},"end":{"line":69,"column":1}}},"9":{"name":"(anonymous_17)","decl":{"start":{"line":71,"column":36},"end":{"line":71,"column":null}},"loc":{"start":{"line":75,"column":4},"end":{"line":77,"column":2}}},"10":{"name":"(anonymous_18)","decl":{"start":{"line":75,"column":4},"end":{"line":75,"column":null}},"loc":{"start":{"line":75,"column":4},"end":{"line":77,"column":1}}},"11":{"name":"(anonymous_19)","decl":{"start":{"line":79,"column":34},"end":{"line":79,"column":null}},"loc":{"start":{"line":83,"column":4},"end":{"line":85,"column":2}}},"12":{"name":"(anonymous_20)","decl":{"start":{"line":83,"column":4},"end":{"line":83,"column":null}},"loc":{"start":{"line":83,"column":4},"end":{"line":85,"column":1}}},"13":{"name":"(anonymous_21)","decl":{"start":{"line":87,"column":34},"end":{"line":87,"column":null}},"loc":{"start":{"line":91,"column":4},"end":{"line":93,"column":2}}},"14":{"name":"(anonymous_22)","decl":{"start":{"line":91,"column":4},"end":{"line":91,"column":null}},"loc":{"start":{"line":91,"column":4},"end":{"line":93,"column":1}}},"15":{"name":"(anonymous_23)","decl":{"start":{"line":95,"column":29},"end":{"line":95,"column":36}},"loc":{"start":{"line":95,"column":74},"end":{"line":101,"column":2}}},"16":{"name":"(anonymous_24)","decl":{"start":{"line":95,"column":74},"end":{"line":95,"column":null}},"loc":{"start":{"line":95,"column":74},"end":{"line":101,"column":1}}},"17":{"name":"(anonymous_25)","decl":{"start":{"line":103,"column":29},"end":{"line":103,"column":36}},"loc":{"start":{"line":103,"column":72},"end":{"line":105,"column":2}}},"18":{"name":"(anonymous_26)","decl":{"start":{"line":103,"column":72},"end":{"line":103,"column":null}},"loc":{"start":{"line":103,"column":72},"end":{"line":105,"column":1}}}},"branchMap":{"0":{"loc":{"start":{"line":8,"column":2},"end":{"line":8,"column":48}},"type":"if","locations":[{"start":{"line":8,"column":2},"end":{"line":8,"column":48}}]},"1":{"loc":{"start":{"line":8,"column":6},"end":{"line":8,"column":36}},"type":"binary-expr","locations":[{"start":{"line":8,"column":6},"end":{"line":8,"column":13}},{"start":{"line":8,"column":17},"end":{"line":8,"column":36}}]},"2":{"loc":{"start":{"line":58,"column":21},"end":{"line":58,"column":76}},"type":"cond-expr","locations":[{"start":{"line":58,"column":45},"end":{"line":58,"column":69}},{"start":{"line":58,"column":72},"end":{"line":58,"column":76}}]}},"s":{"0":1,"1":1,"2":6,"3":1,"4":2,"5":2,"6":2,"7":0,"8":1,"9":2,"10":1,"11":2,"12":2,"13":2,"14":2,"15":1,"16":2,"17":2,"18":2,"19":2,"20":2,"21":1,"22":1,"23":1,"24":1,"25":1,"26":1,"27":1,"28":1,"29":1,"30":1,"31":1,"32":1,"33":1,"34":1,"35":1,"36":1,"37":1,"38":1,"39":1,"40":1,"41":1,"42":1,"43":1,"44":1},"f":{"0":6,"1":2,"2":2,"3":2,"4":2,"5":2,"6":2,"7":1,"8":1,"9":1,"10":1,"11":1,"12":1,"13":1,"14":1,"15":1,"16":1,"17":1,"18":1},"b":{"0":[2],"1":[2,0],"2":[0,2]}}
,"/Users/mac/Desktop/1-Sprint-Mission-BE/src/services/productService.ts": {"path":"/Users/mac/Desktop/1-Sprint-Mission-BE/src/services/productService.ts","statementMap":{"0":{"start":{"line":1,"column":0},"end":{"line":1,"column":37}},"1":{"start":{"line":23,"column":16},"end":{"line":23,"column":76}},"2":{"start":{"line":23,"column":49},"end":{"line":23,"column":76}},"3":{"start":{"line":26,"column":29},"end":{"line":48,"column":2}},"4":{"start":{"line":34,"column":38},"end":{"line":48,"column":2}},"5":{"start":{"line":35,"column":21},"end":{"line":45,"column":4}},"6":{"start":{"line":47,"column":2},"end":{"line":47,"column":20}},"7":{"start":{"line":26,"column":13},"end":{"line":26,"column":29}},"8":{"start":{"line":51,"column":27},"end":{"line":89,"column":2}},"9":{"start":{"line":61,"column":5},"end":{"line":89,"column":2}},"10":{"start":{"line":62,"column":17},"end":{"line":62,"column":38}},"11":{"start":{"line":64,"column":51},"end":{"line":71,"column":8}},"12":{"start":{"line":74,"column":4},"end":{"line":76,"column":31}},"13":{"start":{"line":78,"column":29},"end":{"line":86,"column":4}},"14":{"start":{"line":88,"column":2},"end":{"line":88,"column":46}},"15":{"start":{"line":51,"column":13},"end":{"line":51,"column":27}},"16":{"start":{"line":92,"column":30},"end":{"line":116,"column":2}},"17":{"start":{"line":95,"column":63},"end":{"line":116,"column":2}},"18":{"start":{"line":96,"column":18},"end":{"line":104,"column":4}},"19":{"start":{"line":106,"column":2},"end":{"line":108,"column":3}},"20":{"start":{"line":107,"column":4},"end":{"line":107,"column":41}},"21":{"start":{"line":110,"column":21},"end":{"line":110,"column":49}},"22":{"start":{"line":112,"column":2},"end":{"line":114,"column":null}},"23":{"start":{"line":92,"column":13},"end":{"line":92,"column":30}},"24":{"start":{"line":119,"column":29},"end":{"line":143,"column":2}},"25":{"start":{"line":128,"column":44},"end":{"line":143,"column":2}},"26":{"start":{"line":129,"column":25},"end":{"line":140,"column":4}},"27":{"start":{"line":142,"column":2},"end":{"line":142,"column":24}},"28":{"start":{"line":119,"column":13},"end":{"line":119,"column":29}},"29":{"start":{"line":145,"column":29},"end":{"line":149,"column":2}},"30":{"start":{"line":147,"column":19},"end":{"line":149,"column":2}},"31":{"start":{"line":148,"column":2},"end":{"line":148,"column":69}},"32":{"start":{"line":145,"column":13},"end":{"line":145,"column":29}},"33":{"start":{"line":151,"column":23},"end":{"line":183,"column":2}},"34":{"start":{"line":155,"column":69},"end":{"line":183,"column":2}},"35":{"start":{"line":156,"column":27},"end":{"line":158,"column":4}},"36":{"start":{"line":160,"column":2},"end":{"line":164,"column":3}},"37":{"start":{"line":161,"column":4},"end":{"line":161,"column":38}},"38":{"start":{"line":162,"column":9},"end":{"line":164,"column":3}},"39":{"start":{"line":163,"column":4},"end":{"line":163,"column":39}},"40":{"start":{"line":166,"column":25},"end":{"line":166,"column":72}},"41":{"start":{"line":168,"column":49},"end":{"line":180,"column":4}},"42":{"start":{"line":182,"column":2},"end":{"line":182,"column":50}},"43":{"start":{"line":185,"column":27},"end":{"line":193,"column":2}},"44":{"start":{"line":191,"column":5},"end":{"line":193,"column":2}},"45":{"start":{"line":192,"column":2},"end":{"line":192,"column":49}},"46":{"start":{"line":185,"column":13},"end":{"line":185,"column":27}},"47":{"start":{"line":195,"column":30},"end":{"line":203,"column":2}},"48":{"start":{"line":201,"column":5},"end":{"line":203,"column":2}},"49":{"start":{"line":202,"column":2},"end":{"line":202,"column":50}},"50":{"start":{"line":195,"column":13},"end":{"line":195,"column":30}}},"fnMap":{"0":{"name":"(anonymous_8)","decl":{"start":{"line":23,"column":16},"end":{"line":23,"column":17}},"loc":{"start":{"line":23,"column":49},"end":{"line":23,"column":76}}},"1":{"name":"(anonymous_9)","decl":{"start":{"line":26,"column":29},"end":{"line":26,"column":36}},"loc":{"start":{"line":34,"column":38},"end":{"line":48,"column":2}}},"2":{"name":"(anonymous_10)","decl":{"start":{"line":34,"column":38},"end":{"line":34,"column":null}},"loc":{"start":{"line":34,"column":16},"end":{"line":48,"column":1}}},"3":{"name":"(anonymous_11)","decl":{"start":{"line":51,"column":27},"end":{"line":51,"column":null}},"loc":{"start":{"line":61,"column":5},"end":{"line":89,"column":2}}},"4":{"name":"(anonymous_12)","decl":{"start":{"line":61,"column":5},"end":{"line":61,"column":null}},"loc":{"start":{"line":55,"column":28},"end":{"line":89,"column":1}}},"5":{"name":"(anonymous_13)","decl":{"start":{"line":92,"column":30},"end":{"line":92,"column":37}},"loc":{"start":{"line":95,"column":63},"end":{"line":116,"column":2}}},"6":{"name":"(anonymous_14)","decl":{"start":{"line":95,"column":63},"end":{"line":95,"column":null}},"loc":{"start":{"line":95,"column":15},"end":{"line":116,"column":1}}},"7":{"name":"(anonymous_15)","decl":{"start":{"line":119,"column":29},"end":{"line":119,"column":36}},"loc":{"start":{"line":128,"column":44},"end":{"line":143,"column":2}}},"8":{"name":"(anonymous_16)","decl":{"start":{"line":128,"column":44},"end":{"line":128,"column":null}},"loc":{"start":{"line":128,"column":22},"end":{"line":143,"column":1}}},"9":{"name":"(anonymous_17)","decl":{"start":{"line":145,"column":29},"end":{"line":145,"column":null}},"loc":{"start":{"line":147,"column":19},"end":{"line":149,"column":2}}},"10":{"name":"(anonymous_18)","decl":{"start":{"line":147,"column":19},"end":{"line":147,"column":null}},"loc":{"start":{"line":147,"column":19},"end":{"line":149,"column":1}}},"11":{"name":"(anonymous_19)","decl":{"start":{"line":151,"column":23},"end":{"line":151,"column":null}},"loc":{"start":{"line":155,"column":69},"end":{"line":183,"column":2}}},"12":{"name":"(anonymous_20)","decl":{"start":{"line":155,"column":69},"end":{"line":155,"column":null}},"loc":{"start":{"line":154,"column":25},"end":{"line":183,"column":1}}},"13":{"name":"(anonymous_21)","decl":{"start":{"line":185,"column":27},"end":{"line":185,"column":34}},"loc":{"start":{"line":191,"column":5},"end":{"line":193,"column":2}}},"14":{"name":"(anonymous_22)","decl":{"start":{"line":191,"column":5},"end":{"line":191,"column":null}},"loc":{"start":{"line":188,"column":15},"end":{"line":193,"column":1}}},"15":{"name":"(anonymous_23)","decl":{"start":{"line":195,"column":30},"end":{"line":195,"column":37}},"loc":{"start":{"line":201,"column":5},"end":{"line":203,"column":2}}},"16":{"name":"(anonymous_24)","decl":{"start":{"line":201,"column":5},"end":{"line":201,"column":null}},"loc":{"start":{"line":198,"column":15},"end":{"line":203,"column":1}}}},"branchMap":{"0":{"loc":{"start":{"line":52,"column":2},"end":{"line":52,"column":18}},"type":"default-arg","locations":[{"start":{"line":52,"column":17},"end":{"line":52,"column":18}}]},"1":{"loc":{"start":{"line":53,"column":2},"end":{"line":53,"column":23}},"type":"default-arg","locations":[{"start":{"line":53,"column":21},"end":{"line":53,"column":23}}]},"2":{"loc":{"start":{"line":54,"column":2},"end":{"line":54,"column":22}},"type":"default-arg","locations":[{"start":{"line":54,"column":20},"end":{"line":54,"column":22}}]},"3":{"loc":{"start":{"line":55,"column":2},"end":{"line":55,"column":28}},"type":"default-arg","locations":[{"start":{"line":55,"column":20},"end":{"line":55,"column":28}}]},"4":{"loc":{"start":{"line":64,"column":51},"end":{"line":71,"column":8}},"type":"cond-expr","locations":[{"start":{"line":65,"column":6},"end":{"line":70,"column":null}},{"start":{"line":71,"column":6},"end":{"line":71,"column":8}}]},"5":{"loc":{"start":{"line":74,"column":4},"end":{"line":76,"column":31}},"type":"cond-expr","locations":[{"start":{"line":75,"column":8},"end":{"line":75,"column":58}},{"start":{"line":76,"column":8},"end":{"line":76,"column":31}}]},"6":{"loc":{"start":{"line":106,"column":2},"end":{"line":108,"column":3}},"type":"if","locations":[{"start":{"line":106,"column":2},"end":{"line":108,"column":3}}]},"7":{"loc":{"start":{"line":153,"column":2},"end":{"line":153,"column":27}},"type":"default-arg","locations":[{"start":{"line":153,"column":23},"end":{"line":153,"column":27}}]},"8":{"loc":{"start":{"line":160,"column":2},"end":{"line":164,"column":3}},"type":"if","locations":[{"start":{"line":160,"column":2},"end":{"line":164,"column":3}},{"start":{"line":162,"column":9},"end":{"line":164,"column":3}}]},"9":{"loc":{"start":{"line":160,"column":6},"end":{"line":160,"column":35}},"type":"binary-expr","locations":[{"start":{"line":160,"column":6},"end":{"line":160,"column":15}},{"start":{"line":160,"column":19},"end":{"line":160,"column":35}}]},"10":{"loc":{"start":{"line":162,"column":9},"end":{"line":164,"column":3}},"type":"if","locations":[{"start":{"line":162,"column":9},"end":{"line":164,"column":3}}]},"11":{"loc":{"start":{"line":162,"column":13},"end":{"line":162,"column":44}},"type":"binary-expr","locations":[{"start":{"line":162,"column":13},"end":{"line":162,"column":23}},{"start":{"line":162,"column":27},"end":{"line":162,"column":44}}]},"12":{"loc":{"start":{"line":166,"column":25},"end":{"line":166,"column":72}},"type":"cond-expr","locations":[{"start":{"line":166,"column":37},"end":{"line":166,"column":53}},{"start":{"line":166,"column":56},"end":{"line":166,"column":72}}]},"13":{"loc":{"start":{"line":173,"column":4},"end":{"line":179,"column":10}},"type":"cond-expr","locations":[{"start":{"line":174,"column":8},"end":{"line":176,"column":10}},{"start":{"line":177,"column":8},"end":{"line":179,"column":10}}]}},"s":{"0":1,"1":1,"2":18,"3":1,"4":1,"5":1,"6":1,"7":1,"8":1,"9":1,"10":1,"11":1,"12":1,"13":1,"14":1,"15":1,"16":1,"17":2,"18":2,"19":2,"20":1,"21":1,"22":1,"23":1,"24":1,"25":1,"26":1,"27":1,"28":1,"29":1,"30":1,"31":1,"32":1,"33":1,"34":4,"35":4,"36":4,"37":1,"38":3,"39":1,"40":2,"41":2,"42":2,"43":1,"44":2,"45":2,"46":1,"47":1,"48":2,"49":2,"50":1},"f":{"0":18,"1":1,"2":1,"3":1,"4":1,"5":2,"6":2,"7":1,"8":1,"9":1,"10":1,"11":4,"12":4,"13":2,"14":2,"15":2,"16":2},"b":{"0":[0],"1":[0],"2":[0],"3":[0],"4":[0,1],"5":[0,1],"6":[1],"7":[0],"8":[1,3],"9":[4,2],"10":[1],"11":[3,2],"12":[1,1],"13":[1,1]}}
,"/Users/mac/Desktop/1-Sprint-Mission-BE/src/services/userService.ts": {"path":"/Users/mac/Desktop/1-Sprint-Mission-BE/src/services/userService.ts","statementMap":{"0":{"start":{"line":1,"column":0},"end":{"line":1,"column":37}},"1":{"start":{"line":4,"column":27},"end":{"line":8,"column":2}},"2":{"start":{"line":4,"column":70},"end":{"line":8,"column":2}},"3":{"start":{"line":5,"column":2},"end":{"line":7,"column":5}},"4":{"start":{"line":4,"column":13},"end":{"line":4,"column":27}}},"fnMap":{"0":{"name":"(anonymous_8)","decl":{"start":{"line":4,"column":27},"end":{"line":4,"column":34}},"loc":{"start":{"line":4,"column":70},"end":{"line":8,"column":2}}},"1":{"name":"(anonymous_9)","decl":{"start":{"line":4,"column":70},"end":{"line":4,"column":null}},"loc":{"start":{"line":4,"column":70},"end":{"line":8,"column":1}}}},"branchMap":{},"s":{"0":1,"1":1,"2":2,"3":2,"4":1},"f":{"0":2,"1":2},"b":{}}
}
