TN:
SF:src/services/articleService.ts
FN:35,(anonymous_8)
FN:43,(anonymous_9)
FN:54,(anonymous_10)
FN:63,(anonymous_11)
FN:73,(anonymous_12)
FN:92,(anonymous_13)
FN:94,(anonymous_14)
FN:104,(anonymous_15)
FN:109,(anonymous_16)
FN:118,(anonymous_17)
FN:126,(anonymous_18)
FN:129,(anonymous_19)
FN:141,(anonymous_20)
FN:150,(anonymous_21)
FN:156,(anonymous_22)
FN:165,(anonymous_23)
FN:173,(anonymous_24)
FN:173,(anonymous_25)
FN:179,(anonymous_26)
FN:182,(anonymous_27)
FN:199,(anonymous_28)
FN:202,(anonymous_29)
FNF:22
FNH:19
FNDA:10,(anonymous_8)
FNDA:6,(anonymous_9)
FNDA:3,(anonymous_10)
FNDA:3,(anonymous_11)
FNDA:3,(anonymous_12)
FNDA:3,(anonymous_13)
FNDA:0,(anonymous_14)
FNDA:1,(anonymous_15)
FNDA:1,(anonymous_16)
FNDA:0,(anonymous_17)
FNDA:4,(anonymous_18)
FNDA:4,(anonymous_19)
FNDA:2,(anonymous_20)
FNDA:1,(anonymous_21)
FNDA:1,(anonymous_22)
FNDA:0,(anonymous_23)
FNDA:1,(anonymous_24)
FNDA:1,(anonymous_25)
FNDA:2,(anonymous_26)
FNDA:2,(anonymous_27)
FNDA:2,(anonymous_28)
FNDA:2,(anonymous_29)
DA:1,1
DA:35,10
DA:43,1
DA:44,6
DA:54,1
DA:57,3
DA:58,1
DA:60,2
DA:63,1
DA:73,3
DA:74,3
DA:76,3
DA:92,3
DA:94,0
DA:101,3
DA:104,1
DA:109,1
DA:110,1
DA:116,1
DA:118,0
DA:126,1
DA:129,4
DA:130,4
DA:135,4
DA:137,3
DA:139,3
DA:141,2
DA:150,1
DA:156,1
DA:157,1
DA:163,1
DA:165,0
DA:173,1
DA:174,1
DA:179,1
DA:182,2
DA:183,2
DA:190,2
DA:199,1
DA:202,2
DA:203,2
DA:210,2
LF:42
LH:39
BRDA:44,0,0,2
BRDA:44,0,1,4
BRDA:57,1,0,1
BRDA:64,2,0,0
BRDA:65,3,0,0
BRDA:66,4,0,0
BRDA:67,5,0,0
BRDA:94,6,0,3
BRDA:94,6,1,0
BRDA:135,7,0,1
BRF:10
BRH:5
end_of_record
TN:
SF:src/services/authService.ts
FN:19,(anonymous_8)
FN:23,(anonymous_9)
FN:44,(anonymous_10)
FN:47,(anonymous_11)
FN:60,(anonymous_12)
FN:60,(anonymous_13)
FN:77,(anonymous_14)
FN:79,(anonymous_15)
FN:122,(anonymous_16)
FN:132,(anonymous_17)
FN:142,(anonymous_18)
FNF:11
FNH:11
FNDA:2,(anonymous_8)
FNDA:2,(anonymous_9)
FNDA:2,(anonymous_10)
FNDA:2,(anonymous_11)
FNDA:2,(anonymous_12)
FNDA:2,(anonymous_13)
FNDA:5,(anonymous_14)
FNDA:5,(anonymous_15)
FNDA:3,(anonymous_16)
FNDA:2,(anonymous_17)
FNDA:5,(anonymous_18)
DA:1,1
DA:2,1
DA:3,1
DA:19,1
DA:23,2
DA:24,2
DA:30,2
DA:31,1
DA:34,1
DA:36,1
DA:40,1
DA:41,1
DA:44,1
DA:47,2
DA:48,2
DA:52,2
DA:53,1
DA:56,1
DA:57,1
DA:60,2
DA:61,2
DA:62,2
DA:64,2
DA:74,2
DA:77,1
DA:79,5
DA:80,5
DA:82,4
DA:84,4
DA:87,3
DA:90,3
DA:93,2
DA:96,2
DA:99,1
DA:102,1
DA:111,1
DA:117,3
DA:118,3
DA:122,1
DA:123,3
DA:132,1
DA:133,2
DA:142,1
DA:143,5
DA:147,5
LF:45
LH:45
BRDA:30,0,0,1
BRDA:52,1,0,1
BRDA:52,2,0,2
BRDA:52,2,1,1
BRDA:80,3,0,1
BRDA:90,4,0,1
BRDA:96,5,0,1
BRDA:142,6,0,3
BRF:8
BRH:8
end_of_record
TN:
SF:src/services/commentService.ts
FN:4,(anonymous_8)
FN:12,(anonymous_9)
FN:21,(anonymous_10)
FN:36,(anonymous_11)
FN:41,(anonymous_12)
FN:56,(anonymous_13)
FN:61,(anonymous_14)
FN:69,(anonymous_15)
FN:73,(anonymous_16)
FN:77,(anonymous_17)
FN:81,(anonymous_18)
FN:85,(anonymous_19)
FN:89,(anonymous_20)
FN:93,(anonymous_21)
FN:97,(anonymous_22)
FN:101,(anonymous_23)
FN:101,(anonymous_24)
FN:109,(anonymous_25)
FN:109,(anonymous_26)
FNF:19
FNH:19
FNDA:9,(anonymous_8)
FNDA:10,(anonymous_9)
FNDA:5,(anonymous_10)
FNDA:2,(anonymous_11)
FNDA:2,(anonymous_12)
FNDA:3,(anonymous_13)
FNDA:3,(anonymous_14)
FNDA:1,(anonymous_15)
FNDA:1,(anonymous_16)
FNDA:1,(anonymous_17)
FNDA:1,(anonymous_18)
FNDA:2,(anonymous_19)
FNDA:2,(anonymous_20)
FNDA:1,(anonymous_21)
FNDA:1,(anonymous_22)
FNDA:1,(anonymous_23)
FNDA:1,(anonymous_24)
FNDA:1,(anonymous_25)
FNDA:1,(anonymous_26)
DA:1,1
DA:4,1
DA:5,9
DA:6,9
DA:7,1
DA:9,8
DA:12,1
DA:13,10
DA:14,10
DA:15,3
DA:21,1
DA:26,5
DA:36,1
DA:41,2
DA:42,2
DA:48,2
DA:53,2
DA:56,1
DA:61,3
DA:62,3
DA:63,3
DA:64,3
DA:66,3
DA:69,1
DA:73,1
DA:74,1
DA:77,1
DA:81,1
DA:82,1
DA:85,1
DA:89,2
DA:90,2
DA:93,1
DA:97,1
DA:98,1
DA:101,1
DA:102,1
DA:109,1
DA:110,1
LF:39
LH:39
BRDA:6,0,0,1
BRDA:14,1,0,7
BRDA:14,2,0,10
BRDA:14,2,1,4
BRDA:64,3,0,0
BRDA:64,3,1,3
BRF:6
BRH:5
end_of_record
TN:
SF:src/services/productService.ts
FN:23,(anonymous_8)
FN:26,(anonymous_9)
FN:34,(anonymous_10)
FN:51,(anonymous_11)
FN:61,(anonymous_12)
FN:92,(anonymous_13)
FN:95,(anonymous_14)
FN:119,(anonymous_15)
FN:128,(anonymous_16)
FN:145,(anonymous_17)
FN:147,(anonymous_18)
FN:151,(anonymous_19)
FN:155,(anonymous_20)
FN:185,(anonymous_21)
FN:191,(anonymous_22)
FN:195,(anonymous_23)
FN:201,(anonymous_24)
FNF:17
FNH:17
FNDA:38,(anonymous_8)
FNDA:1,(anonymous_9)
FNDA:1,(anonymous_10)
FNDA:6,(anonymous_11)
FNDA:6,(anonymous_12)
FNDA:2,(anonymous_13)
FNDA:2,(anonymous_14)
FNDA:4,(anonymous_15)
FNDA:4,(anonymous_16)
FNDA:1,(anonymous_17)
FNDA:1,(anonymous_18)
FNDA:9,(anonymous_19)
FNDA:9,(anonymous_20)
FNDA:5,(anonymous_21)
FNDA:5,(anonymous_22)
FNDA:4,(anonymous_23)
FNDA:4,(anonymous_24)
DA:1,1
DA:23,38
DA:26,1
DA:34,1
DA:35,1
DA:47,1
DA:51,1
DA:61,6
DA:62,6
DA:64,6
DA:74,6
DA:78,6
DA:88,6
DA:92,1
DA:95,2
DA:96,2
DA:106,2
DA:107,1
DA:110,1
DA:112,1
DA:119,1
DA:128,4
DA:129,4
DA:142,3
DA:145,1
DA:147,1
DA:148,1
DA:151,1
DA:155,9
DA:156,9
DA:160,9
DA:161,2
DA:162,7
DA:163,2
DA:166,5
DA:168,5
DA:182,5
DA:185,1
DA:191,5
DA:192,5
DA:195,1
DA:201,4
DA:202,4
LF:43
LH:43
BRDA:37,0,0,1
BRDA:37,0,1,0
BRDA:37,1,0,1
BRDA:37,1,1,1
BRDA:38,2,0,1
BRDA:38,2,1,0
BRDA:38,3,0,1
BRDA:38,3,1,1
BRDA:40,4,0,1
BRDA:40,4,1,0
BRDA:40,5,0,1
BRDA:40,5,1,1
BRDA:41,6,0,1
BRDA:41,6,1,0
BRDA:41,7,0,1
BRDA:41,7,1,1
BRDA:52,8,0,0
BRDA:53,9,0,0
BRDA:54,10,0,0
BRDA:55,11,0,1
BRDA:64,12,0,1
BRDA:64,12,1,5
BRDA:74,13,0,1
BRDA:74,13,1,5
BRDA:106,14,0,1
BRDA:132,15,0,4
BRDA:132,15,1,1
BRDA:133,16,0,4
BRDA:133,16,1,1
BRDA:135,17,0,4
BRDA:135,17,1,2
BRDA:136,18,0,4
BRDA:136,18,1,1
BRDA:153,19,0,0
BRDA:160,20,0,2
BRDA:160,20,1,7
BRDA:160,21,0,9
BRDA:160,21,1,5
BRDA:162,22,0,2
BRDA:162,23,0,7
BRDA:162,23,1,4
BRDA:166,24,0,3
BRDA:166,24,1,2
BRDA:173,25,0,3
BRDA:173,25,1,2
BRF:45
BRH:37
end_of_record
TN:
SF:src/services/userService.ts
FN:4,(anonymous_8)
FN:4,(anonymous_9)
FNF:2
FNH:2
FNDA:2,(anonymous_8)
FNDA:2,(anonymous_9)
DA:1,1
DA:4,2
DA:5,2
LF:3
LH:3
BRF:0
BRH:0
end_of_record
